discord.com
gateway.discord.gg
cdn.discordapp.com
discordapp.net
discordapp.com
discord.gg
media.discordapp.net
images-ext-1.discordapp.net
www.discord.com
www.discord.app
discord.app
*.discord.com
*.discord.gg
*.discordapp.com
*.discordapp.net
discord.media
*.discord.media
discordcdn.com
discord.dev
discord.new
discord.gift
discordstatus.com
dis.gd
discord.co
discord-attachments-uploads-prd.storage.googleapis.com
*tik-tokapi.com
*tiktok.com
*tiktokcdn-eu.com
*tiktokcdn-us.com
*tiktokcdn.com
*tiktokd.net
*tiktokd.org
*tiktokv.com
*tiktokv.us
*tiktokw.us
*ficbook.net
*spotify.com
adeventtracker.spotify.com
ads-fa.spotify.com
analytics.spotify.com
audio-ec.spotify.com
audio2.spotify.com
crashdump.spotify.com
heads-ec.spotify.com
log.spotify.com
prod.spotify.map.fastlylb.net
spclient.wg.spotify.com
sto3.spotify.com
www.audio2.spotify.com
